<?xml version="1.0" encoding="UTF-8"?>
<!-- Generated by org.testng.reporters.JUnitReportReporter -->
<testsuite skipped="0" hostname="DESKTOP-7C88RL8" name="com.core.ddf.testcases.PortFolioTest" tests="2" failures="0" timestamp="2020-05-04T12:57:03 BST" time="0.325" errors="0">
  <testcase name="CreatePortfolioTest" time="0.030" classname="com.core.ddf.testcases.PortFolioTest"/>
  <system-out/>
  <testcase name="DeletePortfolioTest" time="0.295" classname="com.core.ddf.testcases.PortFolioTest"/>
  <system-out/>
</testsuite> <!-- com.core.ddf.testcases.PortFolioTest -->
