<?xml version="1.0" encoding="UTF-8"?>
<!-- Generated by org.testng.reporters.JUnitReportReporter -->
<testsuite skipped="0" hostname="DESKTOP-7C88RL8" name="com.core.ddf.testcases.LoginTest" tests="1" failures="0" timestamp="2020-05-04T12:57:03 BST" time="16.281" errors="0">
  <testcase name="loginTest" time="16.281" classname="com.core.ddf.testcases.LoginTest"/>
  <system-out/>
</testsuite> <!-- com.core.ddf.testcases.LoginTest -->
