<?xml version="1.0" encoding="UTF-8"?>
<!-- Generated by org.testng.reporters.JUnitReportReporter -->
<testsuite skipped="0" hostname="DESKTOP-7C88RL8" name="com.core.ddf.testcases.PortFolioTest" tests="2" failures="0" timestamp="2020-05-05T11:58:11 BST" time="0.303" errors="0">
  <testcase name="CreatePortfolioTest" time="0.294" classname="com.core.ddf.testcases.PortFolioTest"/>
  <system-out/>
  <testcase name="DeletePortfolioTest" time="0.009" classname="com.core.ddf.testcases.PortFolioTest"/>
  <system-out/>
</testsuite> <!-- com.core.ddf.testcases.PortFolioTest -->
