<?xml version="1.0" encoding="UTF-8"?>
<!-- Generated by org.testng.reporters.JUnitReportReporter -->
<testsuite skipped="0" hostname="DESKTOP-7C88RL8" name="com.core.ddf.testcases.AddDelStockTest" tests="2" failures="0" timestamp="2020-05-04T12:57:03 BST" time="0.031" errors="0">
  <testcase name="AddStockTest" time="0.016" classname="com.core.ddf.testcases.AddDelStockTest"/>
  <system-out/>
  <testcase name="DeleteStockTest" time="0.015" classname="com.core.ddf.testcases.AddDelStockTest"/>
  <system-out/>
</testsuite> <!-- com.core.ddf.testcases.AddDelStockTest -->
