<?xml version="1.0" encoding="UTF-8"?>
<!-- Generated by org.testng.reporters.JUnitReportReporter -->
<testsuite skipped="0" hostname="DESKTOP-7C88RL8" name="com.core.ddf.testcases.BuyOrSellStockTest" tests="2" failures="0" timestamp="2020-05-05T11:58:11 BST" time="0.012" errors="0">
  <testcase name="BuyStockTest" time="0.006" classname="com.core.ddf.testcases.BuyOrSellStockTest"/>
  <system-out/>
  <testcase name="SellStockTest" time="0.006" classname="com.core.ddf.testcases.BuyOrSellStockTest"/>
  <system-out/>
</testsuite> <!-- com.core.ddf.testcases.BuyOrSellStockTest -->
