<?xml version="1.0" encoding="UTF-8"?>
<!-- Generated by org.testng.reporters.JUnitReportReporter -->
<testsuite skipped="0" hostname="DESKTOP-7C88RL8" name="com.core.ddf.testcases.CheckTransactionHistoryTest" tests="1" failures="0" timestamp="2020-05-05T11:58:11 BST" time="0.027" errors="0">
  <testcase name="checkTransactionHistoryTest" time="0.027" classname="com.core.ddf.testcases.CheckTransactionHistoryTest"/>
  <system-out/>
</testsuite> <!-- com.core.ddf.testcases.CheckTransactionHistoryTest -->
